0 verbose cli [
0 verbose cli   '/data/data/com.termux/files/usr/bin/node',
0 verbose cli   '/data/data/com.termux/files/usr/bin/npm',
0 verbose cli   'start'
0 verbose cli ]
1 info using npm@8.1.0
2 info using node@v17.0.1
3 timing npm:load:whichnode Completed in 1ms
4 timing config:load:defaults Completed in 6ms
5 timing config:load:file:/data/data/com.termux/files/usr/lib/node_modules/npm/npmrc Completed in 3ms
6 timing config:load:builtin Completed in 4ms
7 timing config:load:cli Completed in 6ms
8 timing config:load:env Completed in 1ms
9 timing config:load:project Completed in 18ms
10 timing config:load:file:/data/data/com.termux/files/home/.npmrc Completed in 0ms
11 timing config:load:user Completed in 1ms
12 timing config:load:file:/data/data/com.termux/files/usr/etc/npmrc Completed in 0ms
13 timing config:load:global Completed in 1ms
14 timing config:load:validate Completed in 1ms
15 timing config:load:credentials Completed in 4ms
16 timing config:load:setEnvs Completed in 4ms
17 timing config:load Completed in 46ms
18 timing npm:load:configload Completed in 47ms
19 timing npm:load:setTitle Completed in 0ms
20 timing npm:load:setupLog Completed in 2ms
21 timing config:load:flatten Completed in 11ms
22 timing npm:load:cleanupLog Completed in 7ms
23 timing npm:load:configScope Completed in 0ms
24 timing npm:load:projectScope Completed in 1ms
25 timing npm:load Completed in 73ms
26 timing command:run-script Completed in 6ms
27 timing command:start Completed in 15ms
28 verbose stack Error: ENOENT: no such file or directory, open '/data/data/com.termux/files/home/package.json'
29 verbose cwd /data/data/com.termux/files/home
30 verbose Linux 4.19.95-perf-g8bececd08737
31 verbose argv "/data/data/com.termux/files/usr/bin/node" "/data/data/com.termux/files/usr/bin/npm" "start"
32 verbose node v17.0.1
33 verbose npm  v8.1.0
34 error code ENOENT
35 error syscall open
36 error path /data/data/com.termux/files/home/package.json
37 error errno -2
38 error enoent ENOENT: no such file or directory, open '/data/data/com.termux/files/home/package.json'
39 error enoent This is related to npm not being able to find a file.
40 verbose exit -2
