0 verbose cli [
0 verbose cli   '/data/data/com.termux/files/usr/bin/node',
0 verbose cli   '/data/data/com.termux/files/usr/bin/npm',
0 verbose cli   'install'
0 verbose cli ]
1 info using npm@8.1.0
2 info using node@v17.0.1
3 timing npm:load:whichnode Completed in 2ms
4 timing config:load:defaults Completed in 13ms
5 timing config:load:file:/data/data/com.termux/files/usr/lib/node_modules/npm/npmrc Completed in 5ms
6 timing config:load:builtin Completed in 7ms
7 timing config:load:cli Completed in 6ms
8 timing config:load:env Completed in 3ms
9 timing config:load:file:/data/data/com.termux/files/home/JabalBot/.npmrc Completed in 1ms
10 timing config:load:project Completed in 6ms
11 timing config:load:file:/data/data/com.termux/files/home/.npmrc Completed in 1ms
12 timing config:load:user Completed in 1ms
13 timing config:load:file:/data/data/com.termux/files/usr/etc/npmrc Completed in 0ms
14 timing config:load:global Completed in 2ms
15 timing config:load:validate Completed in 0ms
16 timing config:load:credentials Completed in 25ms
17 timing config:load:setEnvs Completed in 8ms
18 timing config:load Completed in 73ms
19 timing npm:load:configload Completed in 74ms
20 timing npm:load:setTitle Completed in 1ms
21 timing npm:load:setupLog Completed in 4ms
22 timing config:load:flatten Completed in 25ms
23 timing npm:load:cleanupLog Completed in 16ms
24 timing npm:load:configScope Completed in 0ms
25 timing npm:load:projectScope Completed in 2ms
26 timing npm:load Completed in 134ms
27 timing arborist:ctor Completed in 8ms
28 timing idealTree:init Completed in 2427ms
29 warn old lockfile The package-lock.json file was created with an old version of npm,
29 warn old lockfile so supplemental metadata must be fetched from the registry.
29 warn old lockfile
29 warn old lockfile This is a one-time fix-up, please be patient...
30 timing npm Completed in 5700ms
31 verbose unfinished npm timer command:install 1636022476078
32 verbose unfinished npm timer reify 1636022476097
33 verbose unfinished npm timer reify:loadTrees 1636022476172
34 verbose unfinished npm timer idealTree 1636022476179
35 verbose unfinished npm timer idealTree:inflate 1636022478609
36 info ok
37 error Exit handler never called!
38 error This is an error with npm itself. Please report this error at:
39 error <https://github.com/npm/cli/issues>
